<?xml version="1.0" encoding="UTF-8"?>
<testng-results skipped="0" failed="0" ignored="0" total="1" passed="1">
  <reporter-output>
  </reporter-output>
  <suite name="Suite" duration-ms="33033" started-at="2018-11-30T10:12:19Z" finished-at="2018-11-30T10:12:52Z">
    <groups>
    </groups>
    <test name="Test" duration-ms="33033" started-at="2018-11-30T10:12:19Z" finished-at="2018-11-30T10:12:52Z">
      <class name="LoginTest">
        <test-method status="PASS" signature="beforeTest()[pri:0, instance:LoginTest@46d56d67]" name="beforeTest" is-config="true" duration-ms="3832" started-at="2018-11-30T10:12:19Z" finished-at="2018-11-30T10:12:23Z">
          <reporter-output>
          </reporter-output>
        </test-method> <!-- beforeTest -->
        <test-method status="PASS" signature="Test()[pri:0, instance:LoginTest@46d56d67]" name="Test" duration-ms="26004" started-at="2018-11-30T10:12:23Z" finished-at="2018-11-30T10:12:49Z">
          <reporter-output>
          </reporter-output>
        </test-method> <!-- Test -->
        <test-method status="PASS" signature="afterTest()[pri:0, instance:LoginTest@46d56d67]" name="afterTest" is-config="true" duration-ms="3169" started-at="2018-11-30T10:12:49Z" finished-at="2018-11-30T10:12:52Z">
          <reporter-output>
          </reporter-output>
        </test-method> <!-- afterTest -->
      </class> <!-- LoginTest -->
    </test> <!-- Test -->
  </suite> <!-- Suite -->
</testng-results>
